<?xml version="1.0" encoding="UTF-8"?>
<!-- Generated by org.testng.reporters.JUnitReportReporter -->
<testsuite skipped="0" hostname="SARKAR" name="week5.Day1.Task.MergeLeadBase4" tests="1" failures="0" timestamp="07 Apr 2019 03:42:32 GMT" time="45.772" errors="0">
  <testcase name="mLead" time="45.772" classname="week5.Day1.Task.MergeLeadBase4"/>
</testsuite> <!-- week5.Day1.Task.MergeLeadBase4 -->
