<?xml version="1.0" encoding="UTF-8"?>
<!-- Generated by org.testng.reporters.JUnitReportReporter -->
<testsuite skipped="0" hostname="SARKAR" name="week6.Day1.LearnCucumber.RunnerClass.Login1" tests="1" failures="0" timestamp="13 Apr 2019 12:54:25 GMT" time="35.514" errors="0">
  <testcase name="runScenario" time="35.514" classname="week6.Day1.LearnCucumber.RunnerClass.Login1"/>
</testsuite> <!-- week6.Day1.LearnCucumber.RunnerClass.Login1 -->
