<?xml version="1.0" encoding="UTF-8"?>
<!-- Generated by org.testng.reporters.JUnitReportReporter -->
<testsuite skipped="1" hostname="SARKAR" name="week6.Day1.LearnCucumber.RunnerClass.Login" tests="1" failures="0" timestamp="13 Apr 2019 06:58:17 GMT" time="8.398" errors="0">
  <testcase name="runScenario" time="8.398" classname="week6.Day1.LearnCucumber.RunnerClass.Login">
    <skipped/>
  </testcase> <!-- runScenario -->
</testsuite> <!-- week6.Day1.LearnCucumber.RunnerClass.Login -->
