<?xml version="1.0" encoding="UTF-8"?>
<!-- Generated by org.testng.reporters.JUnitReportReporter -->
<testsuite skipped="0" hostname="SARKAR" name="week5.Day2.Task.CreateLead" tests="3" failures="0" timestamp="07 Apr 2019 07:36:39 GMT" time="57.859" errors="0">
  <testcase name="cLead" time="21.469" classname="week5.Day2.Task.CreateLead"/>
  <testcase name="cLead" time="19.483" classname="week5.Day2.Task.CreateLead"/>
  <testcase name="cLead" time="16.907" classname="week5.Day2.Task.CreateLead"/>
</testsuite> <!-- week5.Day2.Task.CreateLead -->
