<?xml version="1.0" encoding="UTF-8"?>
<!-- Generated by org.testng.reporters.JUnitReportReporter -->
<testsuite skipped="0" hostname="SARKAR" name="week5.Day1.Task.DuplicateLead" tests="1" failures="0" timestamp="07 Apr 2019 03:42:32 GMT" time="41.094" errors="0">
  <testcase name="dupLead" time="41.094" classname="week5.Day1.Task.DuplicateLead"/>
</testsuite> <!-- week5.Day1.Task.DuplicateLead -->
