<?xml version="1.0" encoding="UTF-8"?>
<!-- Generated by org.testng.reporters.JUnitReportReporter -->
<testsuite skipped="0" hostname="SARKAR" name="week5.Day1.Task.DeleteLead" tests="1" failures="0" timestamp="07 Apr 2019 03:42:32 GMT" time="35.720" errors="0">
  <testcase name="dLead" time="35.720" classname="week5.Day1.Task.DeleteLead"/>
</testsuite> <!-- week5.Day1.Task.DeleteLead -->
